2023-08-14 15:08:212 INFO  HomePage :36 - Getting text from Home Page: [[ChromeDriver: chrome on WINDOWS (39f6b519911fd22d4f06cd9e46612b96)] -> xpath: //h1[contains(text(),'How old are you?')]]
2023-08-14 15:08:263 INFO  HomePage :41 - Enter your name: [[ChromeDriver: chrome on WINDOWS (39f6b519911fd22d4f06cd9e46612b96)] -> xpath: //input[@id='inputName']]
2023-08-14 15:08:473 INFO  HomePage :46 - Enter your date of birth: [[ChromeDriver: chrome on WINDOWS (39f6b519911fd22d4f06cd9e46612b96)] -> xpath: //input[@id='inputBirthday']]
2023-08-14 15:08:645 INFO  HomePage :51 - Clicking on Submit button: [[ChromeDriver: chrome on WINDOWS (39f6b519911fd22d4f06cd9e46612b96)] -> xpath: //button[@id='submitButton']]
2023-08-14 15:08:599 INFO  HomePage :36 - Getting text from Home Page: [[ChromeDriver: chrome on WINDOWS (a8bd70dc79693ac2d38f9bd4024a07d1)] -> xpath: //h1[contains(text(),'How old are you?')]]
2023-08-14 15:08:364 INFO  HomePage :36 - Getting text from Home Page: [[ChromeDriver: chrome on WINDOWS (a3241a30e753a54c14c4b0624a111123)] -> xpath: //h1[contains(text(),'How old are you?')]]
2023-08-14 15:08:411 INFO  HomePage :41 - Enter your name: [[ChromeDriver: chrome on WINDOWS (a3241a30e753a54c14c4b0624a111123)] -> xpath: //input[@id='inputName']]
2023-08-14 15:08:577 INFO  HomePage :46 - Enter your date of birth: [[ChromeDriver: chrome on WINDOWS (a3241a30e753a54c14c4b0624a111123)] -> xpath: //input[@id='inputBirthday']]
2023-08-14 15:08:707 INFO  HomePage :51 - Clicking on Submit button: [[ChromeDriver: chrome on WINDOWS (a3241a30e753a54c14c4b0624a111123)] -> xpath: //button[@id='submitButton']]
2023-08-14 15:08:398 INFO  HomePage :36 - Getting text from Home Page: [[ChromeDriver: chrome on WINDOWS (1539d4eb57eb9a12b497a969447fd16f)] -> xpath: //h1[contains(text(),'How old are you?')]]
2023-08-14 15:08:444 INFO  HomePage :41 - Enter your name: [[ChromeDriver: chrome on WINDOWS (1539d4eb57eb9a12b497a969447fd16f)] -> xpath: //input[@id='inputName']]
2023-08-14 15:08:625 INFO  HomePage :46 - Enter your date of birth: [[ChromeDriver: chrome on WINDOWS (1539d4eb57eb9a12b497a969447fd16f)] -> xpath: //input[@id='inputBirthday']]
2023-08-14 15:08:768 INFO  HomePage :51 - Clicking on Submit button: [[ChromeDriver: chrome on WINDOWS (1539d4eb57eb9a12b497a969447fd16f)] -> xpath: //button[@id='submitButton']]
2023-08-14 15:08:649 INFO  HomePage :36 - Getting text from Home Page: [[ChromeDriver: chrome on WINDOWS (f16288e342f855dd9fb3df61959bdd40)] -> xpath: //h1[contains(text(),'How old are you?')]]
2023-08-14 15:08:684 INFO  HomePage :41 - Enter your name: [[ChromeDriver: chrome on WINDOWS (f16288e342f855dd9fb3df61959bdd40)] -> xpath: //input[@id='inputName']]
2023-08-14 15:08:826 INFO  HomePage :46 - Enter your date of birth: [[ChromeDriver: chrome on WINDOWS (f16288e342f855dd9fb3df61959bdd40)] -> xpath: //input[@id='inputBirthday']]
2023-08-14 15:08:932 INFO  HomePage :51 - Clicking on Submit button: [[ChromeDriver: chrome on WINDOWS (f16288e342f855dd9fb3df61959bdd40)] -> xpath: //button[@id='submitButton']]
2023-08-14 15:08:482 INFO  HomePage :36 - Getting text from Home Page: [[ChromeDriver: chrome on WINDOWS (c9035241d6236b7106ba3a9fe1d70501)] -> xpath: //h1[contains(text(),'How old are you?')]]
2023-08-14 16:08:364 INFO  HomePage :36 - Getting text from Home Page: [[ChromeDriver: chrome on WINDOWS (60a2b76f91ede77e6d4d4bbf7b968bb6)] -> xpath: //h1[contains(text(),'How old are you?')]]
2023-08-14 16:08:392 INFO  HomePage :41 - Enter your name: [[ChromeDriver: chrome on WINDOWS (60a2b76f91ede77e6d4d4bbf7b968bb6)] -> xpath: //input[@id='inputName']]
2023-08-14 16:08:494 INFO  HomePage :46 - Enter your date of birth: [[ChromeDriver: chrome on WINDOWS (60a2b76f91ede77e6d4d4bbf7b968bb6)] -> xpath: //input[@id='inputBirthday']]
2023-08-14 16:08:555 INFO  HomePage :51 - Clicking on Submit button: [[ChromeDriver: chrome on WINDOWS (60a2b76f91ede77e6d4d4bbf7b968bb6)] -> xpath: //button[@id='submitButton']]
2023-08-14 16:08:13 INFO  ResultPage :28 - Getting text from result Page: [[ChromeDriver: chrome on WINDOWS (ae81da356169b66fda0da09dacf24ca9)] -> xpath: //span[@id='resultName']]
2023-08-14 16:08:701 INFO  HomePage :36 - Getting text from Home Page: [[ChromeDriver: chrome on WINDOWS (c1e214c16eee2e89d8f6e1ca4d338f18)] -> xpath: //h1[contains(text(),'How old are you?')]]
2023-08-14 16:08:727 INFO  HomePage :41 - Enter your name: [[ChromeDriver: chrome on WINDOWS (c1e214c16eee2e89d8f6e1ca4d338f18)] -> xpath: //input[@id='inputName']]
2023-08-14 16:08:809 INFO  HomePage :46 - Enter your date of birth: [[ChromeDriver: chrome on WINDOWS (c1e214c16eee2e89d8f6e1ca4d338f18)] -> xpath: //input[@id='inputBirthday']]
2023-08-14 16:08:870 INFO  HomePage :51 - Clicking on Submit button: [[ChromeDriver: chrome on WINDOWS (c1e214c16eee2e89d8f6e1ca4d338f18)] -> xpath: //button[@id='submitButton']]
2023-08-14 16:08:343 INFO  ResultPage :28 - Getting text from result Page: [[ChromeDriver: chrome on WINDOWS (57846ac11d4a0efe5bfca7411cb78da3)] -> xpath: //span[@id='resultName']]
2023-08-14 16:08:988 INFO  HomePage :36 - Getting text from Home Page: [[ChromeDriver: chrome on WINDOWS (5514f0de49048ee2605fb930dc95b2fe)] -> xpath: //h1[contains(text(),'How old are you?')]]
2023-08-14 16:08:18 INFO  HomePage :41 - Enter your name: [[ChromeDriver: chrome on WINDOWS (5514f0de49048ee2605fb930dc95b2fe)] -> xpath: //input[@id='inputName']]
2023-08-14 16:08:101 INFO  HomePage :46 - Enter your date of birth: [[ChromeDriver: chrome on WINDOWS (5514f0de49048ee2605fb930dc95b2fe)] -> xpath: //input[@id='inputBirthday']]
2023-08-14 16:08:159 INFO  HomePage :51 - Clicking on Submit button: [[ChromeDriver: chrome on WINDOWS (5514f0de49048ee2605fb930dc95b2fe)] -> xpath: //button[@id='submitButton']]
2023-08-14 16:08:547 INFO  ResultPage :28 - Getting text from result Page: [[ChromeDriver: chrome on WINDOWS (b2c21523dbaee114bdabd300ec2f8073)] -> xpath: //span[@id='resultName']]
2023-08-14 16:08:168 INFO  HomePage :36 - Getting text from Home Page: [[ChromeDriver: chrome on WINDOWS (b58a5e4e7f776a10e2ef6d3fc0bbbf77)] -> xpath: //h1[contains(text(),'How old are you?')]]
2023-08-14 16:08:195 INFO  HomePage :41 - Enter your name: [[ChromeDriver: chrome on WINDOWS (b58a5e4e7f776a10e2ef6d3fc0bbbf77)] -> xpath: //input[@id='inputName']]
2023-08-14 16:08:276 INFO  HomePage :46 - Enter your date of birth: [[ChromeDriver: chrome on WINDOWS (b58a5e4e7f776a10e2ef6d3fc0bbbf77)] -> xpath: //input[@id='inputBirthday']]
2023-08-14 16:08:333 INFO  HomePage :51 - Clicking on Submit button: [[ChromeDriver: chrome on WINDOWS (b58a5e4e7f776a10e2ef6d3fc0bbbf77)] -> xpath: //button[@id='submitButton']]
2023-08-14 16:08:727 INFO  HomePage :41 - Enter your name: [[ChromeDriver: chrome on WINDOWS (599c14c3ed301f08b5582831d80c24ea)] -> xpath: //input[@id='inputName']]
2023-08-14 16:08:813 INFO  HomePage :46 - Enter your date of birth: [[ChromeDriver: chrome on WINDOWS (599c14c3ed301f08b5582831d80c24ea)] -> xpath: //input[@id='inputBirthday']]
2023-08-14 16:08:867 INFO  HomePage :51 - Clicking on Submit button: [[ChromeDriver: chrome on WINDOWS (599c14c3ed301f08b5582831d80c24ea)] -> xpath: //button[@id='submitButton']]
2023-08-14 16:08:924 INFO  ResultPage :28 - Getting text from result Page: [[ChromeDriver: chrome on WINDOWS (599c14c3ed301f08b5582831d80c24ea)] -> xpath: //span[@id='resultName']]
2023-08-14 16:08:599 INFO  HomePage :36 - Getting text from Home Page: [[ChromeDriver: chrome on WINDOWS (64770f4634a95addaa8364ae4d3f31b4)] -> xpath: //h1[contains(text(),'How old are you?')]]
2023-08-14 16:08:632 INFO  HomePage :41 - Enter your name: [[ChromeDriver: chrome on WINDOWS (64770f4634a95addaa8364ae4d3f31b4)] -> xpath: //input[@id='inputName']]
2023-08-14 16:08:715 INFO  HomePage :46 - Enter your date of birth: [[ChromeDriver: chrome on WINDOWS (64770f4634a95addaa8364ae4d3f31b4)] -> xpath: //input[@id='inputBirthday']]
2023-08-14 16:08:781 INFO  HomePage :51 - Clicking on Submit button: [[ChromeDriver: chrome on WINDOWS (64770f4634a95addaa8364ae4d3f31b4)] -> xpath: //button[@id='submitButton']]
2023-08-14 16:08:165 INFO  HomePage :41 - Enter your name: [[ChromeDriver: chrome on WINDOWS (324622534d0a8901e1ec1310e8f439a3)] -> xpath: //input[@id='inputName']]
2023-08-14 16:08:248 INFO  HomePage :46 - Enter your date of birth: [[ChromeDriver: chrome on WINDOWS (324622534d0a8901e1ec1310e8f439a3)] -> xpath: //input[@id='inputBirthday']]
2023-08-14 16:08:295 INFO  HomePage :51 - Clicking on Submit button: [[ChromeDriver: chrome on WINDOWS (324622534d0a8901e1ec1310e8f439a3)] -> xpath: //button[@id='submitButton']]
2023-08-14 16:08:367 INFO  ResultPage :28 - Getting text from result Page: [[ChromeDriver: chrome on WINDOWS (324622534d0a8901e1ec1310e8f439a3)] -> xpath: //span[@id='resultName']]
2023-08-14 16:08:192 INFO  HomePage :36 - Getting text from Home Page: [[ChromeDriver: chrome on WINDOWS (8874547d5e015d024a3887b0a92d32b8)] -> xpath: //h1[contains(text(),'How old are you?')]]
2023-08-14 16:08:219 INFO  HomePage :41 - Enter your name: [[ChromeDriver: chrome on WINDOWS (8874547d5e015d024a3887b0a92d32b8)] -> xpath: //input[@id='inputName']]
2023-08-14 16:08:322 INFO  HomePage :46 - Enter your date of birth: [[ChromeDriver: chrome on WINDOWS (8874547d5e015d024a3887b0a92d32b8)] -> xpath: //input[@id='inputBirthday']]
2023-08-14 16:08:383 INFO  HomePage :51 - Clicking on Submit button: [[ChromeDriver: chrome on WINDOWS (8874547d5e015d024a3887b0a92d32b8)] -> xpath: //button[@id='submitButton']]
2023-08-14 16:08:193 INFO  HomePage :41 - Enter your name: [[ChromeDriver: chrome on WINDOWS (8ffe7207544d88d62c2fe80d20f30aa6)] -> xpath: //input[@id='inputName']]
2023-08-14 16:08:288 INFO  HomePage :46 - Enter your date of birth: [[ChromeDriver: chrome on WINDOWS (8ffe7207544d88d62c2fe80d20f30aa6)] -> xpath: //input[@id='inputBirthday']]
2023-08-14 16:08:355 INFO  HomePage :51 - Clicking on Submit button: [[ChromeDriver: chrome on WINDOWS (8ffe7207544d88d62c2fe80d20f30aa6)] -> xpath: //button[@id='submitButton']]
2023-08-14 16:08:811 INFO  ResultPage :28 - Getting text from result Page: [[ChromeDriver: chrome on WINDOWS (8ffe7207544d88d62c2fe80d20f30aa6)] -> xpath: //span[normalize-space()='Krishna']]
2023-08-14 16:08:859 INFO  ResultPage :34 - Getting text from result Page: [[ChromeDriver: chrome on WINDOWS (8ffe7207544d88d62c2fe80d20f30aa6)] -> xpath: //span[normalize-space()='17']]
2023-08-14 16:08:199 INFO  HomePage :36 - Getting text from Home Page: [[ChromeDriver: chrome on WINDOWS (e65063986ef225b92bfca83ee92800e0)] -> xpath: //h1[contains(text(),'How old are you?')]]
2023-08-14 16:08:229 INFO  HomePage :41 - Enter your name: [[ChromeDriver: chrome on WINDOWS (e65063986ef225b92bfca83ee92800e0)] -> xpath: //input[@id='inputName']]
2023-08-14 16:08:311 INFO  HomePage :46 - Enter your date of birth: [[ChromeDriver: chrome on WINDOWS (e65063986ef225b92bfca83ee92800e0)] -> xpath: //input[@id='inputBirthday']]
2023-08-14 16:08:368 INFO  HomePage :51 - Clicking on Submit button: [[ChromeDriver: chrome on WINDOWS (e65063986ef225b92bfca83ee92800e0)] -> xpath: //button[@id='submitButton']]
2023-08-14 16:08:769 INFO  HomePage :41 - Enter your name: [[ChromeDriver: chrome on WINDOWS (a160e3e51a568027140195c928243b4c)] -> xpath: //input[@id='inputName']]
2023-08-14 16:08:853 INFO  HomePage :46 - Enter your date of birth: [[ChromeDriver: chrome on WINDOWS (a160e3e51a568027140195c928243b4c)] -> xpath: //input[@id='inputBirthday']]
2023-08-14 16:08:902 INFO  HomePage :51 - Clicking on Submit button: [[ChromeDriver: chrome on WINDOWS (a160e3e51a568027140195c928243b4c)] -> xpath: //button[@id='submitButton']]
2023-08-14 16:08:320 INFO  ResultPage :28 - Getting text from result Page: [[ChromeDriver: chrome on WINDOWS (a160e3e51a568027140195c928243b4c)] -> xpath: //span[normalize-space()='Krishna']]
2023-08-14 16:08:349 INFO  ResultPage :34 - Getting text from result Page: [[ChromeDriver: chrome on WINDOWS (a160e3e51a568027140195c928243b4c)] -> xpath: //span[normalize-space()='17']]
2023-08-14 16:08:503 INFO  HomePage :36 - Getting text from Home Page: [[ChromeDriver: chrome on WINDOWS (2e7f53e860f73993f064ffbd6c32176a)] -> xpath: //h1[contains(text(),'How old are you?')]]
2023-08-14 16:08:532 INFO  HomePage :41 - Enter your name: [[ChromeDriver: chrome on WINDOWS (2e7f53e860f73993f064ffbd6c32176a)] -> xpath: //input[@id='inputName']]
2023-08-14 16:08:611 INFO  HomePage :46 - Enter your date of birth: [[ChromeDriver: chrome on WINDOWS (2e7f53e860f73993f064ffbd6c32176a)] -> xpath: //input[@id='inputBirthday']]
2023-08-14 16:08:671 INFO  HomePage :51 - Clicking on Submit button: [[ChromeDriver: chrome on WINDOWS (2e7f53e860f73993f064ffbd6c32176a)] -> xpath: //button[@id='submitButton']]
2023-08-14 16:08:75 INFO  HomePage :41 - Enter your name: [[ChromeDriver: chrome on WINDOWS (7686b9c55bc285b726477ad28d976df4)] -> xpath: //input[@id='inputName']]
2023-08-14 16:08:157 INFO  HomePage :46 - Enter your date of birth: [[ChromeDriver: chrome on WINDOWS (7686b9c55bc285b726477ad28d976df4)] -> xpath: //input[@id='inputBirthday']]
2023-08-14 16:08:204 INFO  HomePage :51 - Clicking on Submit button: [[ChromeDriver: chrome on WINDOWS (7686b9c55bc285b726477ad28d976df4)] -> xpath: //button[@id='submitButton']]
2023-08-14 16:08:614 INFO  ResultPage :28 - Getting text from result Page: [[ChromeDriver: chrome on WINDOWS (7686b9c55bc285b726477ad28d976df4)] -> xpath: //span[normalize-space()='Krishna']]
2023-08-14 16:08:592 INFO  HomePage :36 - Getting text from Home Page: [[ChromeDriver: chrome on WINDOWS (310a7cb204801b9c04af6c53a8351034)] -> xpath: //h1[contains(text(),'How old are you?')]]
2023-08-14 16:08:617 INFO  HomePage :41 - Enter your name: [[ChromeDriver: chrome on WINDOWS (310a7cb204801b9c04af6c53a8351034)] -> xpath: //input[@id='inputName']]
2023-08-14 16:08:701 INFO  HomePage :46 - Enter your date of birth: [[ChromeDriver: chrome on WINDOWS (310a7cb204801b9c04af6c53a8351034)] -> xpath: //input[@id='inputBirthday']]
2023-08-14 16:08:762 INFO  HomePage :51 - Clicking on Submit button: [[ChromeDriver: chrome on WINDOWS (310a7cb204801b9c04af6c53a8351034)] -> xpath: //button[@id='submitButton']]
2023-08-14 16:08:139 INFO  HomePage :41 - Enter your name: [[ChromeDriver: chrome on WINDOWS (d9fd7a26b147d3a5e3d67d27971dadd1)] -> xpath: //input[@id='inputName']]
2023-08-14 16:08:225 INFO  HomePage :46 - Enter your date of birth: [[ChromeDriver: chrome on WINDOWS (d9fd7a26b147d3a5e3d67d27971dadd1)] -> xpath: //input[@id='inputBirthday']]
2023-08-14 16:08:273 INFO  HomePage :51 - Clicking on Submit button: [[ChromeDriver: chrome on WINDOWS (d9fd7a26b147d3a5e3d67d27971dadd1)] -> xpath: //button[@id='submitButton']]
2023-08-14 16:08:135 INFO  HomePage :36 - Getting text from Home Page: [[ChromeDriver: chrome on WINDOWS (e49405613d6184cece1db7805dd04d12)] -> xpath: //h1[contains(text(),'How old are you?')]]
2023-08-14 16:08:164 INFO  HomePage :41 - Enter your name: [[ChromeDriver: chrome on WINDOWS (e49405613d6184cece1db7805dd04d12)] -> xpath: //input[@id='inputName']]
2023-08-14 16:08:260 INFO  HomePage :46 - Enter your date of birth: [[ChromeDriver: chrome on WINDOWS (e49405613d6184cece1db7805dd04d12)] -> xpath: //input[@id='inputBirthday']]
2023-08-14 16:08:325 INFO  HomePage :51 - Clicking on Submit button: [[ChromeDriver: chrome on WINDOWS (e49405613d6184cece1db7805dd04d12)] -> xpath: //button[@id='submitButton']]
2023-08-14 16:08:724 INFO  HomePage :41 - Enter your name: [[ChromeDriver: chrome on WINDOWS (ba267adc3f3ee31fbef19da9a16b1ee1)] -> xpath: //input[@id='inputName']]
2023-08-14 16:08:806 INFO  HomePage :46 - Enter your date of birth: [[ChromeDriver: chrome on WINDOWS (ba267adc3f3ee31fbef19da9a16b1ee1)] -> xpath: //input[@id='inputBirthday']]
2023-08-14 16:08:864 INFO  HomePage :51 - Clicking on Submit button: [[ChromeDriver: chrome on WINDOWS (ba267adc3f3ee31fbef19da9a16b1ee1)] -> xpath: //button[@id='submitButton']]
2023-08-14 16:08:940 INFO  ResultPage :28 - Getting text from result Page: [[ChromeDriver: chrome on WINDOWS (ba267adc3f3ee31fbef19da9a16b1ee1)] -> xpath: //span[@id='resultName']]
2023-08-14 16:08:284 INFO  HomePage :36 - Getting text from Home Page: [[ChromeDriver: chrome on WINDOWS (771be281e38ff922b3aff4fb729b207b)] -> xpath: //h1[contains(text(),'How old are you?')]]
2023-08-14 16:08:313 INFO  HomePage :41 - Enter your name: [[ChromeDriver: chrome on WINDOWS (771be281e38ff922b3aff4fb729b207b)] -> xpath: //input[@id='inputName']]
2023-08-14 16:08:409 INFO  HomePage :46 - Enter your date of birth: [[ChromeDriver: chrome on WINDOWS (771be281e38ff922b3aff4fb729b207b)] -> xpath: //input[@id='inputBirthday']]
2023-08-14 16:08:480 INFO  HomePage :51 - Clicking on Submit button: [[ChromeDriver: chrome on WINDOWS (771be281e38ff922b3aff4fb729b207b)] -> xpath: //button[@id='submitButton']]
2023-08-14 16:08:898 INFO  HomePage :41 - Enter your name: [[ChromeDriver: chrome on WINDOWS (effa7ecf3a94a76e134658c7ef38a01d)] -> xpath: //input[@id='inputName']]
2023-08-14 16:08:982 INFO  HomePage :46 - Enter your date of birth: [[ChromeDriver: chrome on WINDOWS (effa7ecf3a94a76e134658c7ef38a01d)] -> xpath: //input[@id='inputBirthday']]
2023-08-14 16:08:36 INFO  HomePage :51 - Clicking on Submit button: [[ChromeDriver: chrome on WINDOWS (effa7ecf3a94a76e134658c7ef38a01d)] -> xpath: //button[@id='submitButton']]
2023-08-14 16:08:443 INFO  ResultPage :28 - Getting text from result Page: [[ChromeDriver: chrome on WINDOWS (effa7ecf3a94a76e134658c7ef38a01d)] -> xpath: //span[normalize-space()='XYZ']]
2023-08-14 16:08:469 INFO  ResultPage :34 - Getting text from result Page: [[ChromeDriver: chrome on WINDOWS (effa7ecf3a94a76e134658c7ef38a01d)] -> xpath: //span[normalize-space()='17']]
2023-08-14 16:08:675 INFO  HomePage :36 - Getting text from Home Page: [[ChromeDriver: chrome on WINDOWS (8a2f74ba2be84e0b4854d835c27651eb)] -> xpath: //h1[contains(text(),'How old are you?')]]
2023-08-14 16:08:700 INFO  HomePage :41 - Enter your name: [[ChromeDriver: chrome on WINDOWS (8a2f74ba2be84e0b4854d835c27651eb)] -> xpath: //input[@id='inputName']]
2023-08-14 16:08:796 INFO  HomePage :46 - Enter your date of birth: [[ChromeDriver: chrome on WINDOWS (8a2f74ba2be84e0b4854d835c27651eb)] -> xpath: //input[@id='inputBirthday']]
2023-08-14 16:08:853 INFO  HomePage :51 - Clicking on Submit button: [[ChromeDriver: chrome on WINDOWS (8a2f74ba2be84e0b4854d835c27651eb)] -> xpath: //button[@id='submitButton']]
2023-08-14 16:08:250 INFO  HomePage :41 - Enter your name: [[ChromeDriver: chrome on WINDOWS (b5340ab8c0572aa8b2944392bcaa7298)] -> xpath: //input[@id='inputName']]
2023-08-14 16:08:338 INFO  HomePage :46 - Enter your date of birth: [[ChromeDriver: chrome on WINDOWS (b5340ab8c0572aa8b2944392bcaa7298)] -> xpath: //input[@id='inputBirthday']]
2023-08-14 16:08:411 INFO  HomePage :51 - Clicking on Submit button: [[ChromeDriver: chrome on WINDOWS (b5340ab8c0572aa8b2944392bcaa7298)] -> xpath: //button[@id='submitButton']]
2023-08-14 16:08:781 INFO  ResultPage :28 - Getting text from result Page: [[ChromeDriver: chrome on WINDOWS (b5340ab8c0572aa8b2944392bcaa7298)] -> xpath: //span[normalize-space()='XYZ']]
2023-08-14 16:08:815 INFO  ResultPage :34 - Getting text from result Page: [[ChromeDriver: chrome on WINDOWS (b5340ab8c0572aa8b2944392bcaa7298)] -> xpath: //span[normalize-space()='17']]
